The target system is: Generic -  - aarch64
The host system is: Linux - 5.10.16.3-microsoft-standard-WSL2 - x86_64
Compiling the C compiler identification source file "CMakeCCompilerId.c" succeeded.
Compiler: /home/torpi/arm-gnu-toolchain-13.3.rel1-x86_64-aarch64-none-linux-gnu/bin/aarch64-none-linux-gnu-gcc 
Build flags: 
Id flags:  

The output was:
0


Compilation of the C compiler identification source "CMakeCCompilerId.c" produced "a.out"

The C compiler identification is GNU, found in "/home/torpi/book_cornor/SquareLine_Project/SquareLine_Project/build/CMakeFiles/3.22.1/CompilerIdC/a.out"

Detecting C compiler ABI info compiled with the following output:
Change Dir: /home/torpi/book_cornor/SquareLine_Project/SquareLine_Project/build/CMakeFiles/CMakeTmp

Run Build Command(s):/usr/bin/gmake -f Makefile cmTC_60d1b/fast && /usr/bin/gmake  -f CMakeFiles/cmTC_60d1b.dir/build.make CMakeFiles/cmTC_60d1b.dir/build
gmake[1]: Entering directory '/home/torpi/book_cornor/SquareLine_Project/SquareLine_Project/build/CMakeFiles/CMakeTmp'
Building C object CMakeFiles/cmTC_60d1b.dir/CMakeCCompilerABI.c.obj
/home/torpi/arm-gnu-toolchain-13.3.rel1-x86_64-aarch64-none-linux-gnu/bin/aarch64-none-linux-gnu-gcc   -v -std=gnu11 -o CMakeFiles/cmTC_60d1b.dir/CMakeCCompilerABI.c.obj -c /usr/share/cmake-3.22/Modules/CMakeCCompilerABI.c
Using built-in specs.
COLLECT_GCC=/home/torpi/arm-gnu-toolchain-13.3.rel1-x86_64-aarch64-none-linux-gnu/bin/aarch64-none-linux-gnu-gcc
Target: aarch64-none-linux-gnu
Configured with: /data/jenkins/workspace/GNU-toolchain/arm-13/src/gcc/configure --target=aarch64-none-linux-gnu --prefix= --with-sysroot=/aarch64-none-linux-gnu/libc --with-build-sysroot=/data/jenkins/workspace/GNU-toolchain/arm-13/build-aarch64-none-linux-gnu/install//aarch64-none-linux-gnu/libc --with-bugurl=https://bugs.linaro.org/ --enable-gnu-indirect-function --enable-shared --disable-libssp --disable-libmudflap --enable-checking=release --enable-languages=c,c++,fortran --with-gmp=/data/jenkins/workspace/GNU-toolchain/arm-13/build-aarch64-none-linux-gnu/host-tools --with-mpfr=/data/jenkins/workspace/GNU-toolchain/arm-13/build-aarch64-none-linux-gnu/host-tools --with-mpc=/data/jenkins/workspace/GNU-toolchain/arm-13/build-aarch64-none-linux-gnu/host-tools --with-isl=/data/jenkins/workspace/GNU-toolchain/arm-13/build-aarch64-none-linux-gnu/host-tools --enable-fix-cortex-a53-843419 --with-pkgversion='Arm GNU Toolchain 13.3.Rel1 (Build arm-13.24)'
Thread model: posix
Supported LTO compression algorithms: zlib
gcc version 13.3.1 20240614 (Arm GNU Toolchain 13.3.Rel1 (Build arm-13.24)) 
COLLECT_GCC_OPTIONS='-v' '-std=gnu11' '-o' 'CMakeFiles/cmTC_60d1b.dir/CMakeCCompilerABI.c.obj' '-c' '-mlittle-endian' '-mabi=lp64' '-dumpdir' 'CMakeFiles/cmTC_60d1b.dir/'
 /home/torpi/arm-gnu-toolchain-13.3.rel1-x86_64-aarch64-none-linux-gnu/bin/../libexec/gcc/aarch64-none-linux-gnu/13.3.1/cc1 -quiet -v -iprefix /home/torpi/arm-gnu-toolchain-13.3.rel1-x86_64-aarch64-none-linux-gnu/bin/../lib/gcc/aarch64-none-linux-gnu/13.3.1/ -isysroot /home/torpi/arm-gnu-toolchain-13.3.rel1-x86_64-aarch64-none-linux-gnu/bin/../aarch64-none-linux-gnu/libc /usr/share/cmake-3.22/Modules/CMakeCCompilerABI.c -quiet -dumpdir CMakeFiles/cmTC_60d1b.dir/ -dumpbase CMakeCCompilerABI.c.c -dumpbase-ext .c -mlittle-endian -mabi=lp64 -std=gnu11 -version -o /tmp/ccT0EL7Y.s
GNU C11 (Arm GNU Toolchain 13.3.Rel1 (Build arm-13.24)) version 13.3.1 20240614 (aarch64-none-linux-gnu)
	compiled by GNU C version 4.8.5 20150623 (Red Hat 4.8.5-44), GMP version 6.2.1, MPFR version 3.1.6, MPC version 1.0.3, isl version isl-0.15-1-g835ea3a-GMP

GGC heuristics: --param ggc-min-expand=100 --param ggc-min-heapsize=131072
ignoring duplicate directory "/home/torpi/arm-gnu-toolchain-13.3.rel1-x86_64-aarch64-none-linux-gnu/bin/../lib/gcc/../../lib/gcc/aarch64-none-linux-gnu/13.3.1/include"
ignoring nonexistent directory "/home/torpi/arm-gnu-toolchain-13.3.rel1-x86_64-aarch64-none-linux-gnu/bin/../aarch64-none-linux-gnu/libc/usr/local/include"
ignoring duplicate directory "/home/torpi/arm-gnu-toolchain-13.3.rel1-x86_64-aarch64-none-linux-gnu/bin/../lib/gcc/../../lib/gcc/aarch64-none-linux-gnu/13.3.1/include-fixed"
ignoring duplicate directory "/home/torpi/arm-gnu-toolchain-13.3.rel1-x86_64-aarch64-none-linux-gnu/bin/../lib/gcc/../../lib/gcc/aarch64-none-linux-gnu/13.3.1/../../../../aarch64-none-linux-gnu/include"
#include "..." search starts here:
#include <...> search starts here:
 /home/torpi/arm-gnu-toolchain-13.3.rel1-x86_64-aarch64-none-linux-gnu/bin/../lib/gcc/aarch64-none-linux-gnu/13.3.1/include
 /home/torpi/arm-gnu-toolchain-13.3.rel1-x86_64-aarch64-none-linux-gnu/bin/../lib/gcc/aarch64-none-linux-gnu/13.3.1/include-fixed
 /home/torpi/arm-gnu-toolchain-13.3.rel1-x86_64-aarch64-none-linux-gnu/bin/../lib/gcc/aarch64-none-linux-gnu/13.3.1/../../../../aarch64-none-linux-gnu/include
 /home/torpi/arm-gnu-toolchain-13.3.rel1-x86_64-aarch64-none-linux-gnu/bin/../aarch64-none-linux-gnu/libc/usr/include
End of search list.
Compiler executable checksum: 8ea0ea053de326010ce690b1166aaa4f
COLLECT_GCC_OPTIONS='-v' '-std=gnu11' '-o' 'CMakeFiles/cmTC_60d1b.dir/CMakeCCompilerABI.c.obj' '-c' '-mlittle-endian' '-mabi=lp64' '-dumpdir' 'CMakeFiles/cmTC_60d1b.dir/'
 /home/torpi/arm-gnu-toolchain-13.3.rel1-x86_64-aarch64-none-linux-gnu/bin/../lib/gcc/aarch64-none-linux-gnu/13.3.1/../../../../aarch64-none-linux-gnu/bin/as -v -EL -mabi=lp64 -o CMakeFiles/cmTC_60d1b.dir/CMakeCCompilerABI.c.obj /tmp/ccT0EL7Y.s
GNU assembler version 2.42.0 (aarch64-none-linux-gnu) using BFD version (Arm GNU Toolchain 13.3.Rel1 (Build arm-13.24)) 2.42.0.20240614
COMPILER_PATH=/home/torpi/arm-gnu-toolchain-13.3.rel1-x86_64-aarch64-none-linux-gnu/bin/../libexec/gcc/aarch64-none-linux-gnu/13.3.1/:/home/torpi/arm-gnu-toolchain-13.3.rel1-x86_64-aarch64-none-linux-gnu/bin/../libexec/gcc/:/home/torpi/arm-gnu-toolchain-13.3.rel1-x86_64-aarch64-none-linux-gnu/bin/../lib/gcc/aarch64-none-linux-gnu/13.3.1/../../../../aarch64-none-linux-gnu/bin/
LIBRARY_PATH=/home/torpi/arm-gnu-toolchain-13.3.rel1-x86_64-aarch64-none-linux-gnu/bin/../lib/gcc/aarch64-none-linux-gnu/13.3.1/:/home/torpi/arm-gnu-toolchain-13.3.rel1-x86_64-aarch64-none-linux-gnu/bin/../lib/gcc/:/home/torpi/arm-gnu-toolchain-13.3.rel1-x86_64-aarch64-none-linux-gnu/bin/../lib/gcc/aarch64-none-linux-gnu/13.3.1/../../../../aarch64-none-linux-gnu/lib/../lib64/:/home/torpi/arm-gnu-toolchain-13.3.rel1-x86_64-aarch64-none-linux-gnu/bin/../aarch64-none-linux-gnu/libc/lib/../lib64/:/home/torpi/arm-gnu-toolchain-13.3.rel1-x86_64-aarch64-none-linux-gnu/bin/../aarch64-none-linux-gnu/libc/usr/lib/../lib64/:/home/torpi/arm-gnu-toolchain-13.3.rel1-x86_64-aarch64-none-linux-gnu/bin/../lib/gcc/aarch64-none-linux-gnu/13.3.1/../../../../aarch64-none-linux-gnu/lib/:/home/torpi/arm-gnu-toolchain-13.3.rel1-x86_64-aarch64-none-linux-gnu/bin/../aarch64-none-linux-gnu/libc/lib/:/home/torpi/arm-gnu-toolchain-13.3.rel1-x86_64-aarch64-none-linux-gnu/bin/../aarch64-none-linux-gnu/libc/usr/lib/
COLLECT_GCC_OPTIONS='-v' '-std=gnu11' '-o' 'CMakeFiles/cmTC_60d1b.dir/CMakeCCompilerABI.c.obj' '-c' '-mlittle-endian' '-mabi=lp64' '-dumpdir' 'CMakeFiles/cmTC_60d1b.dir/CMakeCCompilerABI.c.'
Linking C executable cmTC_60d1b
/usr/bin/cmake -E cmake_link_script CMakeFiles/cmTC_60d1b.dir/link.txt --verbose=1
/home/torpi/arm-gnu-toolchain-13.3.rel1-x86_64-aarch64-none-linux-gnu/bin/aarch64-none-linux-gnu-gcc  -v CMakeFiles/cmTC_60d1b.dir/CMakeCCompilerABI.c.obj -o cmTC_60d1b 
Using built-in specs.
COLLECT_GCC=/home/torpi/arm-gnu-toolchain-13.3.rel1-x86_64-aarch64-none-linux-gnu/bin/aarch64-none-linux-gnu-gcc
COLLECT_LTO_WRAPPER=/home/torpi/arm-gnu-toolchain-13.3.rel1-x86_64-aarch64-none-linux-gnu/bin/../libexec/gcc/aarch64-none-linux-gnu/13.3.1/lto-wrapper
Target: aarch64-none-linux-gnu
Configured with: /data/jenkins/workspace/GNU-toolchain/arm-13/src/gcc/configure --target=aarch64-none-linux-gnu --prefix= --with-sysroot=/aarch64-none-linux-gnu/libc --with-build-sysroot=/data/jenkins/workspace/GNU-toolchain/arm-13/build-aarch64-none-linux-gnu/install//aarch64-none-linux-gnu/libc --with-bugurl=https://bugs.linaro.org/ --enable-gnu-indirect-function --enable-shared --disable-libssp --disable-libmudflap --enable-checking=release --enable-languages=c,c++,fortran --with-gmp=/data/jenkins/workspace/GNU-toolchain/arm-13/build-aarch64-none-linux-gnu/host-tools --with-mpfr=/data/jenkins/workspace/GNU-toolchain/arm-13/build-aarch64-none-linux-gnu/host-tools --with-mpc=/data/jenkins/workspace/GNU-toolchain/arm-13/build-aarch64-none-linux-gnu/host-tools --with-isl=/data/jenkins/workspace/GNU-toolchain/arm-13/build-aarch64-none-linux-gnu/host-tools --enable-fix-cortex-a53-843419 --with-pkgversion='Arm GNU Toolchain 13.3.Rel1 (Build arm-13.24)'
Thread model: posix
Supported LTO compression algorithms: zlib
gcc version 13.3.1 20240614 (Arm GNU Toolchain 13.3.Rel1 (Build arm-13.24)) 
COMPILER_PATH=/home/torpi/arm-gnu-toolchain-13.3.rel1-x86_64-aarch64-none-linux-gnu/bin/../libexec/gcc/aarch64-none-linux-gnu/13.3.1/:/home/torpi/arm-gnu-toolchain-13.3.rel1-x86_64-aarch64-none-linux-gnu/bin/../libexec/gcc/:/home/torpi/arm-gnu-toolchain-13.3.rel1-x86_64-aarch64-none-linux-gnu/bin/../lib/gcc/aarch64-none-linux-gnu/13.3.1/../../../../aarch64-none-linux-gnu/bin/
LIBRARY_PATH=/home/torpi/arm-gnu-toolchain-13.3.rel1-x86_64-aarch64-none-linux-gnu/bin/../lib/gcc/aarch64-none-linux-gnu/13.3.1/:/home/torpi/arm-gnu-toolchain-13.3.rel1-x86_64-aarch64-none-linux-gnu/bin/../lib/gcc/:/home/torpi/arm-gnu-toolchain-13.3.rel1-x86_64-aarch64-none-linux-gnu/bin/../lib/gcc/aarch64-none-linux-gnu/13.3.1/../../../../aarch64-none-linux-gnu/lib/../lib64/:/home/torpi/arm-gnu-toolchain-13.3.rel1-x86_64-aarch64-none-linux-gnu/bin/../aarch64-none-linux-gnu/libc/lib/../lib64/:/home/torpi/arm-gnu-toolchain-13.3.rel1-x86_64-aarch64-none-linux-gnu/bin/../aarch64-none-linux-gnu/libc/usr/lib/../lib64/:/home/torpi/arm-gnu-toolchain-13.3.rel1-x86_64-aarch64-none-linux-gnu/bin/../lib/gcc/aarch64-none-linux-gnu/13.3.1/../../../../aarch64-none-linux-gnu/lib/:/home/torpi/arm-gnu-toolchain-13.3.rel1-x86_64-aarch64-none-linux-gnu/bin/../aarch64-none-linux-gnu/libc/lib/:/home/torpi/arm-gnu-toolchain-13.3.rel1-x86_64-aarch64-none-linux-gnu/bin/../aarch64-none-linux-gnu/libc/usr/lib/
COLLECT_GCC_OPTIONS='-v' '-o' 'cmTC_60d1b' '-mlittle-endian' '-mabi=lp64' '-dumpdir' 'cmTC_60d1b.'
 /home/torpi/arm-gnu-toolchain-13.3.rel1-x86_64-aarch64-none-linux-gnu/bin/../libexec/gcc/aarch64-none-linux-gnu/13.3.1/collect2 -plugin /home/torpi/arm-gnu-toolchain-13.3.rel1-x86_64-aarch64-none-linux-gnu/bin/../libexec/gcc/aarch64-none-linux-gnu/13.3.1/liblto_plugin.so -plugin-opt=/home/torpi/arm-gnu-toolchain-13.3.rel1-x86_64-aarch64-none-linux-gnu/bin/../libexec/gcc/aarch64-none-linux-gnu/13.3.1/lto-wrapper -plugin-opt=-fresolution=/tmp/cc9LDtAQ.res -plugin-opt=-pass-through=-lgcc -plugin-opt=-pass-through=-lgcc_s -plugin-opt=-pass-through=-lc -plugin-opt=-pass-through=-lgcc -plugin-opt=-pass-through=-lgcc_s --sysroot=/home/torpi/arm-gnu-toolchain-13.3.rel1-x86_64-aarch64-none-linux-gnu/bin/../aarch64-none-linux-gnu/libc --eh-frame-hdr -dynamic-linker /lib/ld-linux-aarch64.so.1 -X -EL -maarch64linux --fix-cortex-a53-843419 -o cmTC_60d1b /home/torpi/arm-gnu-toolchain-13.3.rel1-x86_64-aarch64-none-linux-gnu/bin/../aarch64-none-linux-gnu/libc/usr/lib/../lib64/crt1.o /home/torpi/arm-gnu-toolchain-13.3.rel1-x86_64-aarch64-none-linux-gnu/bin/../aarch64-none-linux-gnu/libc/usr/lib/../lib64/crti.o /home/torpi/arm-gnu-toolchain-13.3.rel1-x86_64-aarch64-none-linux-gnu/bin/../lib/gcc/aarch64-none-linux-gnu/13.3.1/crtbegin.o -L/home/torpi/arm-gnu-toolchain-13.3.rel1-x86_64-aarch64-none-linux-gnu/bin/../lib/gcc/aarch64-none-linux-gnu/13.3.1 -L/home/torpi/arm-gnu-toolchain-13.3.rel1-x86_64-aarch64-none-linux-gnu/bin/../lib/gcc -L/home/torpi/arm-gnu-toolchain-13.3.rel1-x86_64-aarch64-none-linux-gnu/bin/../lib/gcc/aarch64-none-linux-gnu/13.3.1/../../../../aarch64-none-linux-gnu/lib/../lib64 -L/home/torpi/arm-gnu-toolchain-13.3.rel1-x86_64-aarch64-none-linux-gnu/bin/../aarch64-none-linux-gnu/libc/lib/../lib64 -L/home/torpi/arm-gnu-toolchain-13.3.rel1-x86_64-aarch64-none-linux-gnu/bin/../aarch64-none-linux-gnu/libc/usr/lib/../lib64 -L/home/torpi/arm-gnu-toolchain-13.3.rel1-x86_64-aarch64-none-linux-gnu/bin/../lib/gcc/aarch64-none-linux-gnu/13.3.1/../../../../aarch64-none-linux-gnu/lib -L/home/torpi/arm-gnu-toolchain-13.3.rel1-x86_64-aarch64-none-linux-gnu/bin/../aarch64-none-linux-gnu/libc/lib -L/home/torpi/arm-gnu-toolchain-13.3.rel1-x86_64-aarch64-none-linux-gnu/bin/../aarch64-none-linux-gnu/libc/usr/lib CMakeFiles/cmTC_60d1b.dir/CMakeCCompilerABI.c.obj -lgcc --push-state --as-needed -lgcc_s --pop-state -lc -lgcc --push-state --as-needed -lgcc_s --pop-state /home/torpi/arm-gnu-toolchain-13.3.rel1-x86_64-aarch64-none-linux-gnu/bin/../lib/gcc/aarch64-none-linux-gnu/13.3.1/crtend.o /home/torpi/arm-gnu-toolchain-13.3.rel1-x86_64-aarch64-none-linux-gnu/bin/../aarch64-none-linux-gnu/libc/usr/lib/../lib64/crtn.o
COLLECT_GCC_OPTIONS='-v' '-o' 'cmTC_60d1b' '-mlittle-endian' '-mabi=lp64' '-dumpdir' 'cmTC_60d1b.'
gmake[1]: Leaving directory '/home/torpi/book_cornor/SquareLine_Project/SquareLine_Project/build/CMakeFiles/CMakeTmp'



Parsed C implicit include dir info from above output: rv=done
  found start of include info
  found start of implicit include info
    add: [/home/torpi/arm-gnu-toolchain-13.3.rel1-x86_64-aarch64-none-linux-gnu/bin/../lib/gcc/aarch64-none-linux-gnu/13.3.1/include]
    add: [/home/torpi/arm-gnu-toolchain-13.3.rel1-x86_64-aarch64-none-linux-gnu/bin/../lib/gcc/aarch64-none-linux-gnu/13.3.1/include-fixed]
    add: [/home/torpi/arm-gnu-toolchain-13.3.rel1-x86_64-aarch64-none-linux-gnu/bin/../lib/gcc/aarch64-none-linux-gnu/13.3.1/../../../../aarch64-none-linux-gnu/include]
    add: [/home/torpi/arm-gnu-toolchain-13.3.rel1-x86_64-aarch64-none-linux-gnu/bin/../aarch64-none-linux-gnu/libc/usr/include]
  end of search list found
  collapse include dir [/home/torpi/arm-gnu-toolchain-13.3.rel1-x86_64-aarch64-none-linux-gnu/bin/../lib/gcc/aarch64-none-linux-gnu/13.3.1/include] ==> [/home/torpi/arm-gnu-toolchain-13.3.rel1-x86_64-aarch64-none-linux-gnu/lib/gcc/aarch64-none-linux-gnu/13.3.1/include]
  collapse include dir [/home/torpi/arm-gnu-toolchain-13.3.rel1-x86_64-aarch64-none-linux-gnu/bin/../lib/gcc/aarch64-none-linux-gnu/13.3.1/include-fixed] ==> [/home/torpi/arm-gnu-toolchain-13.3.rel1-x86_64-aarch64-none-linux-gnu/lib/gcc/aarch64-none-linux-gnu/13.3.1/include-fixed]
  collapse include dir [/home/torpi/arm-gnu-toolchain-13.3.rel1-x86_64-aarch64-none-linux-gnu/bin/../lib/gcc/aarch64-none-linux-gnu/13.3.1/../../../../aarch64-none-linux-gnu/include] ==> [/home/torpi/arm-gnu-toolchain-13.3.rel1-x86_64-aarch64-none-linux-gnu/aarch64-none-linux-gnu/include]
  collapse include dir [/home/torpi/arm-gnu-toolchain-13.3.rel1-x86_64-aarch64-none-linux-gnu/bin/../aarch64-none-linux-gnu/libc/usr/include] ==> [/home/torpi/arm-gnu-toolchain-13.3.rel1-x86_64-aarch64-none-linux-gnu/aarch64-none-linux-gnu/libc/usr/include]
  implicit include dirs: [/home/torpi/arm-gnu-toolchain-13.3.rel1-x86_64-aarch64-none-linux-gnu/lib/gcc/aarch64-none-linux-gnu/13.3.1/include;/home/torpi/arm-gnu-toolchain-13.3.rel1-x86_64-aarch64-none-linux-gnu/lib/gcc/aarch64-none-linux-gnu/13.3.1/include-fixed;/home/torpi/arm-gnu-toolchain-13.3.rel1-x86_64-aarch64-none-linux-gnu/aarch64-none-linux-gnu/include;/home/torpi/arm-gnu-toolchain-13.3.rel1-x86_64-aarch64-none-linux-gnu/aarch64-none-linux-gnu/libc/usr/include]


Parsed C implicit link information from above output:
  link line regex: [^( *|.*[/\])(aarch64-none-linux-gnu-ld|CMAKE_LINK_STARTFILE-NOTFOUND|([^/\]+-)?ld|collect2)[^/\]*( |$)]
  ignore line: [Change Dir: /home/torpi/book_cornor/SquareLine_Project/SquareLine_Project/build/CMakeFiles/CMakeTmp]
  ignore line: []
  ignore line: [Run Build Command(s):/usr/bin/gmake -f Makefile cmTC_60d1b/fast && /usr/bin/gmake  -f CMakeFiles/cmTC_60d1b.dir/build.make CMakeFiles/cmTC_60d1b.dir/build]
  ignore line: [gmake[1]: Entering directory '/home/torpi/book_cornor/SquareLine_Project/SquareLine_Project/build/CMakeFiles/CMakeTmp']
  ignore line: [Building C object CMakeFiles/cmTC_60d1b.dir/CMakeCCompilerABI.c.obj]
  ignore line: [/home/torpi/arm-gnu-toolchain-13.3.rel1-x86_64-aarch64-none-linux-gnu/bin/aarch64-none-linux-gnu-gcc   -v -std=gnu11 -o CMakeFiles/cmTC_60d1b.dir/CMakeCCompilerABI.c.obj -c /usr/share/cmake-3.22/Modules/CMakeCCompilerABI.c]
  ignore line: [Using built-in specs.]
  ignore line: [COLLECT_GCC=/home/torpi/arm-gnu-toolchain-13.3.rel1-x86_64-aarch64-none-linux-gnu/bin/aarch64-none-linux-gnu-gcc]
  ignore line: [Target: aarch64-none-linux-gnu]
  ignore line: [Configured with: /data/jenkins/workspace/GNU-toolchain/arm-13/src/gcc/configure --target=aarch64-none-linux-gnu --prefix= --with-sysroot=/aarch64-none-linux-gnu/libc --with-build-sysroot=/data/jenkins/workspace/GNU-toolchain/arm-13/build-aarch64-none-linux-gnu/install//aarch64-none-linux-gnu/libc --with-bugurl=https://bugs.linaro.org/ --enable-gnu-indirect-function --enable-shared --disable-libssp --disable-libmudflap --enable-checking=release --enable-languages=c c++ fortran --with-gmp=/data/jenkins/workspace/GNU-toolchain/arm-13/build-aarch64-none-linux-gnu/host-tools --with-mpfr=/data/jenkins/workspace/GNU-toolchain/arm-13/build-aarch64-none-linux-gnu/host-tools --with-mpc=/data/jenkins/workspace/GNU-toolchain/arm-13/build-aarch64-none-linux-gnu/host-tools --with-isl=/data/jenkins/workspace/GNU-toolchain/arm-13/build-aarch64-none-linux-gnu/host-tools --enable-fix-cortex-a53-843419 --with-pkgversion='Arm GNU Toolchain 13.3.Rel1 (Build arm-13.24)']
  ignore line: [Thread model: posix]
  ignore line: [Supported LTO compression algorithms: zlib]
  ignore line: [gcc version 13.3.1 20240614 (Arm GNU Toolchain 13.3.Rel1 (Build arm-13.24)) ]
  ignore line: [COLLECT_GCC_OPTIONS='-v' '-std=gnu11' '-o' 'CMakeFiles/cmTC_60d1b.dir/CMakeCCompilerABI.c.obj' '-c' '-mlittle-endian' '-mabi=lp64' '-dumpdir' 'CMakeFiles/cmTC_60d1b.dir/']
  ignore line: [ /home/torpi/arm-gnu-toolchain-13.3.rel1-x86_64-aarch64-none-linux-gnu/bin/../libexec/gcc/aarch64-none-linux-gnu/13.3.1/cc1 -quiet -v -iprefix /home/torpi/arm-gnu-toolchain-13.3.rel1-x86_64-aarch64-none-linux-gnu/bin/../lib/gcc/aarch64-none-linux-gnu/13.3.1/ -isysroot /home/torpi/arm-gnu-toolchain-13.3.rel1-x86_64-aarch64-none-linux-gnu/bin/../aarch64-none-linux-gnu/libc /usr/share/cmake-3.22/Modules/CMakeCCompilerABI.c -quiet -dumpdir CMakeFiles/cmTC_60d1b.dir/ -dumpbase CMakeCCompilerABI.c.c -dumpbase-ext .c -mlittle-endian -mabi=lp64 -std=gnu11 -version -o /tmp/ccT0EL7Y.s]
  ignore line: [GNU C11 (Arm GNU Toolchain 13.3.Rel1 (Build arm-13.24)) version 13.3.1 20240614 (aarch64-none-linux-gnu)]
  ignore line: [	compiled by GNU C version 4.8.5 20150623 (Red Hat 4.8.5-44)  GMP version 6.2.1  MPFR version 3.1.6  MPC version 1.0.3  isl version isl-0.15-1-g835ea3a-GMP]
  ignore line: []
  ignore line: [GGC heuristics: --param ggc-min-expand=100 --param ggc-min-heapsize=131072]
  ignore line: [ignoring duplicate directory "/home/torpi/arm-gnu-toolchain-13.3.rel1-x86_64-aarch64-none-linux-gnu/bin/../lib/gcc/../../lib/gcc/aarch64-none-linux-gnu/13.3.1/include"]
  ignore line: [ignoring nonexistent directory "/home/torpi/arm-gnu-toolchain-13.3.rel1-x86_64-aarch64-none-linux-gnu/bin/../aarch64-none-linux-gnu/libc/usr/local/include"]
  ignore line: [ignoring duplicate directory "/home/torpi/arm-gnu-toolchain-13.3.rel1-x86_64-aarch64-none-linux-gnu/bin/../lib/gcc/../../lib/gcc/aarch64-none-linux-gnu/13.3.1/include-fixed"]
  ignore line: [ignoring duplicate directory "/home/torpi/arm-gnu-toolchain-13.3.rel1-x86_64-aarch64-none-linux-gnu/bin/../lib/gcc/../../lib/gcc/aarch64-none-linux-gnu/13.3.1/../../../../aarch64-none-linux-gnu/include"]
  ignore line: [#include "..." search starts here:]
  ignore line: [#include <...> search starts here:]
  ignore line: [ /home/torpi/arm-gnu-toolchain-13.3.rel1-x86_64-aarch64-none-linux-gnu/bin/../lib/gcc/aarch64-none-linux-gnu/13.3.1/include]
  ignore line: [ /home/torpi/arm-gnu-toolchain-13.3.rel1-x86_64-aarch64-none-linux-gnu/bin/../lib/gcc/aarch64-none-linux-gnu/13.3.1/include-fixed]
  ignore line: [ /home/torpi/arm-gnu-toolchain-13.3.rel1-x86_64-aarch64-none-linux-gnu/bin/../lib/gcc/aarch64-none-linux-gnu/13.3.1/../../../../aarch64-none-linux-gnu/include]
  ignore line: [ /home/torpi/arm-gnu-toolchain-13.3.rel1-x86_64-aarch64-none-linux-gnu/bin/../aarch64-none-linux-gnu/libc/usr/include]
  ignore line: [End of search list.]
  ignore line: [Compiler executable checksum: 8ea0ea053de326010ce690b1166aaa4f]
  ignore line: [COLLECT_GCC_OPTIONS='-v' '-std=gnu11' '-o' 'CMakeFiles/cmTC_60d1b.dir/CMakeCCompilerABI.c.obj' '-c' '-mlittle-endian' '-mabi=lp64' '-dumpdir' 'CMakeFiles/cmTC_60d1b.dir/']
  ignore line: [ /home/torpi/arm-gnu-toolchain-13.3.rel1-x86_64-aarch64-none-linux-gnu/bin/../lib/gcc/aarch64-none-linux-gnu/13.3.1/../../../../aarch64-none-linux-gnu/bin/as -v -EL -mabi=lp64 -o CMakeFiles/cmTC_60d1b.dir/CMakeCCompilerABI.c.obj /tmp/ccT0EL7Y.s]
  ignore line: [GNU assembler version 2.42.0 (aarch64-none-linux-gnu) using BFD version (Arm GNU Toolchain 13.3.Rel1 (Build arm-13.24)) 2.42.0.20240614]
  ignore line: [COMPILER_PATH=/home/torpi/arm-gnu-toolchain-13.3.rel1-x86_64-aarch64-none-linux-gnu/bin/../libexec/gcc/aarch64-none-linux-gnu/13.3.1/:/home/torpi/arm-gnu-toolchain-13.3.rel1-x86_64-aarch64-none-linux-gnu/bin/../libexec/gcc/:/home/torpi/arm-gnu-toolchain-13.3.rel1-x86_64-aarch64-none-linux-gnu/bin/../lib/gcc/aarch64-none-linux-gnu/13.3.1/../../../../aarch64-none-linux-gnu/bin/]
  ignore line: [LIBRARY_PATH=/home/torpi/arm-gnu-toolchain-13.3.rel1-x86_64-aarch64-none-linux-gnu/bin/../lib/gcc/aarch64-none-linux-gnu/13.3.1/:/home/torpi/arm-gnu-toolchain-13.3.rel1-x86_64-aarch64-none-linux-gnu/bin/../lib/gcc/:/home/torpi/arm-gnu-toolchain-13.3.rel1-x86_64-aarch64-none-linux-gnu/bin/../lib/gcc/aarch64-none-linux-gnu/13.3.1/../../../../aarch64-none-linux-gnu/lib/../lib64/:/home/torpi/arm-gnu-toolchain-13.3.rel1-x86_64-aarch64-none-linux-gnu/bin/../aarch64-none-linux-gnu/libc/lib/../lib64/:/home/torpi/arm-gnu-toolchain-13.3.rel1-x86_64-aarch64-none-linux-gnu/bin/../aarch64-none-linux-gnu/libc/usr/lib/../lib64/:/home/torpi/arm-gnu-toolchain-13.3.rel1-x86_64-aarch64-none-linux-gnu/bin/../lib/gcc/aarch64-none-linux-gnu/13.3.1/../../../../aarch64-none-linux-gnu/lib/:/home/torpi/arm-gnu-toolchain-13.3.rel1-x86_64-aarch64-none-linux-gnu/bin/../aarch64-none-linux-gnu/libc/lib/:/home/torpi/arm-gnu-toolchain-13.3.rel1-x86_64-aarch64-none-linux-gnu/bin/../aarch64-none-linux-gnu/libc/usr/lib/]
  ignore line: [COLLECT_GCC_OPTIONS='-v' '-std=gnu11' '-o' 'CMakeFiles/cmTC_60d1b.dir/CMakeCCompilerABI.c.obj' '-c' '-mlittle-endian' '-mabi=lp64' '-dumpdir' 'CMakeFiles/cmTC_60d1b.dir/CMakeCCompilerABI.c.']
  ignore line: [Linking C executable cmTC_60d1b]
  ignore line: [/usr/bin/cmake -E cmake_link_script CMakeFiles/cmTC_60d1b.dir/link.txt --verbose=1]
  ignore line: [/home/torpi/arm-gnu-toolchain-13.3.rel1-x86_64-aarch64-none-linux-gnu/bin/aarch64-none-linux-gnu-gcc  -v CMakeFiles/cmTC_60d1b.dir/CMakeCCompilerABI.c.obj -o cmTC_60d1b ]
  ignore line: [Using built-in specs.]
  ignore line: [COLLECT_GCC=/home/torpi/arm-gnu-toolchain-13.3.rel1-x86_64-aarch64-none-linux-gnu/bin/aarch64-none-linux-gnu-gcc]
  ignore line: [COLLECT_LTO_WRAPPER=/home/torpi/arm-gnu-toolchain-13.3.rel1-x86_64-aarch64-none-linux-gnu/bin/../libexec/gcc/aarch64-none-linux-gnu/13.3.1/lto-wrapper]
  ignore line: [Target: aarch64-none-linux-gnu]
  ignore line: [Configured with: /data/jenkins/workspace/GNU-toolchain/arm-13/src/gcc/configure --target=aarch64-none-linux-gnu --prefix= --with-sysroot=/aarch64-none-linux-gnu/libc --with-build-sysroot=/data/jenkins/workspace/GNU-toolchain/arm-13/build-aarch64-none-linux-gnu/install//aarch64-none-linux-gnu/libc --with-bugurl=https://bugs.linaro.org/ --enable-gnu-indirect-function --enable-shared --disable-libssp --disable-libmudflap --enable-checking=release --enable-languages=c c++ fortran --with-gmp=/data/jenkins/workspace/GNU-toolchain/arm-13/build-aarch64-none-linux-gnu/host-tools --with-mpfr=/data/jenkins/workspace/GNU-toolchain/arm-13/build-aarch64-none-linux-gnu/host-tools --with-mpc=/data/jenkins/workspace/GNU-toolchain/arm-13/build-aarch64-none-linux-gnu/host-tools --with-isl=/data/jenkins/workspace/GNU-toolchain/arm-13/build-aarch64-none-linux-gnu/host-tools --enable-fix-cortex-a53-843419 --with-pkgversion='Arm GNU Toolchain 13.3.Rel1 (Build arm-13.24)']
  ignore line: [Thread model: posix]
  ignore line: [Supported LTO compression algorithms: zlib]
  ignore line: [gcc version 13.3.1 20240614 (Arm GNU Toolchain 13.3.Rel1 (Build arm-13.24)) ]
  ignore line: [COMPILER_PATH=/home/torpi/arm-gnu-toolchain-13.3.rel1-x86_64-aarch64-none-linux-gnu/bin/../libexec/gcc/aarch64-none-linux-gnu/13.3.1/:/home/torpi/arm-gnu-toolchain-13.3.rel1-x86_64-aarch64-none-linux-gnu/bin/../libexec/gcc/:/home/torpi/arm-gnu-toolchain-13.3.rel1-x86_64-aarch64-none-linux-gnu/bin/../lib/gcc/aarch64-none-linux-gnu/13.3.1/../../../../aarch64-none-linux-gnu/bin/]
  ignore line: [LIBRARY_PATH=/home/torpi/arm-gnu-toolchain-13.3.rel1-x86_64-aarch64-none-linux-gnu/bin/../lib/gcc/aarch64-none-linux-gnu/13.3.1/:/home/torpi/arm-gnu-toolchain-13.3.rel1-x86_64-aarch64-none-linux-gnu/bin/../lib/gcc/:/home/torpi/arm-gnu-toolchain-13.3.rel1-x86_64-aarch64-none-linux-gnu/bin/../lib/gcc/aarch64-none-linux-gnu/13.3.1/../../../../aarch64-none-linux-gnu/lib/../lib64/:/home/torpi/arm-gnu-toolchain-13.3.rel1-x86_64-aarch64-none-linux-gnu/bin/../aarch64-none-linux-gnu/libc/lib/../lib64/:/home/torpi/arm-gnu-toolchain-13.3.rel1-x86_64-aarch64-none-linux-gnu/bin/../aarch64-none-linux-gnu/libc/usr/lib/../lib64/:/home/torpi/arm-gnu-toolchain-13.3.rel1-x86_64-aarch64-none-linux-gnu/bin/../lib/gcc/aarch64-none-linux-gnu/13.3.1/../../../../aarch64-none-linux-gnu/lib/:/home/torpi/arm-gnu-toolchain-13.3.rel1-x86_64-aarch64-none-linux-gnu/bin/../aarch64-none-linux-gnu/libc/lib/:/home/torpi/arm-gnu-toolchain-13.3.rel1-x86_64-aarch64-none-linux-gnu/bin/../aarch64-none-linux-gnu/libc/usr/lib/]
  ignore line: [COLLECT_GCC_OPTIONS='-v' '-o' 'cmTC_60d1b' '-mlittle-endian' '-mabi=lp64' '-dumpdir' 'cmTC_60d1b.']
  link line: [ /home/torpi/arm-gnu-toolchain-13.3.rel1-x86_64-aarch64-none-linux-gnu/bin/../libexec/gcc/aarch64-none-linux-gnu/13.3.1/collect2 -plugin /home/torpi/arm-gnu-toolchain-13.3.rel1-x86_64-aarch64-none-linux-gnu/bin/../libexec/gcc/aarch64-none-linux-gnu/13.3.1/liblto_plugin.so -plugin-opt=/home/torpi/arm-gnu-toolchain-13.3.rel1-x86_64-aarch64-none-linux-gnu/bin/../libexec/gcc/aarch64-none-linux-gnu/13.3.1/lto-wrapper -plugin-opt=-fresolution=/tmp/cc9LDtAQ.res -plugin-opt=-pass-through=-lgcc -plugin-opt=-pass-through=-lgcc_s -plugin-opt=-pass-through=-lc -plugin-opt=-pass-through=-lgcc -plugin-opt=-pass-through=-lgcc_s --sysroot=/home/torpi/arm-gnu-toolchain-13.3.rel1-x86_64-aarch64-none-linux-gnu/bin/../aarch64-none-linux-gnu/libc --eh-frame-hdr -dynamic-linker /lib/ld-linux-aarch64.so.1 -X -EL -maarch64linux --fix-cortex-a53-843419 -o cmTC_60d1b /home/torpi/arm-gnu-toolchain-13.3.rel1-x86_64-aarch64-none-linux-gnu/bin/../aarch64-none-linux-gnu/libc/usr/lib/../lib64/crt1.o /home/torpi/arm-gnu-toolchain-13.3.rel1-x86_64-aarch64-none-linux-gnu/bin/../aarch64-none-linux-gnu/libc/usr/lib/../lib64/crti.o /home/torpi/arm-gnu-toolchain-13.3.rel1-x86_64-aarch64-none-linux-gnu/bin/../lib/gcc/aarch64-none-linux-gnu/13.3.1/crtbegin.o -L/home/torpi/arm-gnu-toolchain-13.3.rel1-x86_64-aarch64-none-linux-gnu/bin/../lib/gcc/aarch64-none-linux-gnu/13.3.1 -L/home/torpi/arm-gnu-toolchain-13.3.rel1-x86_64-aarch64-none-linux-gnu/bin/../lib/gcc -L/home/torpi/arm-gnu-toolchain-13.3.rel1-x86_64-aarch64-none-linux-gnu/bin/../lib/gcc/aarch64-none-linux-gnu/13.3.1/../../../../aarch64-none-linux-gnu/lib/../lib64 -L/home/torpi/arm-gnu-toolchain-13.3.rel1-x86_64-aarch64-none-linux-gnu/bin/../aarch64-none-linux-gnu/libc/lib/../lib64 -L/home/torpi/arm-gnu-toolchain-13.3.rel1-x86_64-aarch64-none-linux-gnu/bin/../aarch64-none-linux-gnu/libc/usr/lib/../lib64 -L/home/torpi/arm-gnu-toolchain-13.3.rel1-x86_64-aarch64-none-linux-gnu/bin/../lib/gcc/aarch64-none-linux-gnu/13.3.1/../../../../aarch64-none-linux-gnu/lib -L/home/torpi/arm-gnu-toolchain-13.3.rel1-x86_64-aarch64-none-linux-gnu/bin/../aarch64-none-linux-gnu/libc/lib -L/home/torpi/arm-gnu-toolchain-13.3.rel1-x86_64-aarch64-none-linux-gnu/bin/../aarch64-none-linux-gnu/libc/usr/lib CMakeFiles/cmTC_60d1b.dir/CMakeCCompilerABI.c.obj -lgcc --push-state --as-needed -lgcc_s --pop-state -lc -lgcc --push-state --as-needed -lgcc_s --pop-state /home/torpi/arm-gnu-toolchain-13.3.rel1-x86_64-aarch64-none-linux-gnu/bin/../lib/gcc/aarch64-none-linux-gnu/13.3.1/crtend.o /home/torpi/arm-gnu-toolchain-13.3.rel1-x86_64-aarch64-none-linux-gnu/bin/../aarch64-none-linux-gnu/libc/usr/lib/../lib64/crtn.o]
    arg [/home/torpi/arm-gnu-toolchain-13.3.rel1-x86_64-aarch64-none-linux-gnu/bin/../libexec/gcc/aarch64-none-linux-gnu/13.3.1/collect2] ==> ignore
    arg [-plugin] ==> ignore
    arg [/home/torpi/arm-gnu-toolchain-13.3.rel1-x86_64-aarch64-none-linux-gnu/bin/../libexec/gcc/aarch64-none-linux-gnu/13.3.1/liblto_plugin.so] ==> ignore
    arg [-plugin-opt=/home/torpi/arm-gnu-toolchain-13.3.rel1-x86_64-aarch64-none-linux-gnu/bin/../libexec/gcc/aarch64-none-linux-gnu/13.3.1/lto-wrapper] ==> ignore
    arg [-plugin-opt=-fresolution=/tmp/cc9LDtAQ.res] ==> ignore
    arg [-plugin-opt=-pass-through=-lgcc] ==> ignore
    arg [-plugin-opt=-pass-through=-lgcc_s] ==> ignore
    arg [-plugin-opt=-pass-through=-lc] ==> ignore
    arg [-plugin-opt=-pass-through=-lgcc] ==> ignore
    arg [-plugin-opt=-pass-through=-lgcc_s] ==> ignore
    arg [--sysroot=/home/torpi/arm-gnu-toolchain-13.3.rel1-x86_64-aarch64-none-linux-gnu/bin/../aarch64-none-linux-gnu/libc] ==> ignore
    arg [--eh-frame-hdr] ==> ignore
    arg [-dynamic-linker] ==> ignore
    arg [/lib/ld-linux-aarch64.so.1] ==> ignore
    arg [-X] ==> ignore
    arg [-EL] ==> ignore
    arg [-maarch64linux] ==> ignore
    arg [--fix-cortex-a53-843419] ==> ignore
    arg [-o] ==> ignore
    arg [cmTC_60d1b] ==> ignore
    arg [/home/torpi/arm-gnu-toolchain-13.3.rel1-x86_64-aarch64-none-linux-gnu/bin/../aarch64-none-linux-gnu/libc/usr/lib/../lib64/crt1.o] ==> obj [/home/torpi/arm-gnu-toolchain-13.3.rel1-x86_64-aarch64-none-linux-gnu/bin/../aarch64-none-linux-gnu/libc/usr/lib/../lib64/crt1.o]
    arg [/home/torpi/arm-gnu-toolchain-13.3.rel1-x86_64-aarch64-none-linux-gnu/bin/../aarch64-none-linux-gnu/libc/usr/lib/../lib64/crti.o] ==> obj [/home/torpi/arm-gnu-toolchain-13.3.rel1-x86_64-aarch64-none-linux-gnu/bin/../aarch64-none-linux-gnu/libc/usr/lib/../lib64/crti.o]
    arg [/home/torpi/arm-gnu-toolchain-13.3.rel1-x86_64-aarch64-none-linux-gnu/bin/../lib/gcc/aarch64-none-linux-gnu/13.3.1/crtbegin.o] ==> obj [/home/torpi/arm-gnu-toolchain-13.3.rel1-x86_64-aarch64-none-linux-gnu/bin/../lib/gcc/aarch64-none-linux-gnu/13.3.1/crtbegin.o]
    arg [-L/home/torpi/arm-gnu-toolchain-13.3.rel1-x86_64-aarch64-none-linux-gnu/bin/../lib/gcc/aarch64-none-linux-gnu/13.3.1] ==> dir [/home/torpi/arm-gnu-toolchain-13.3.rel1-x86_64-aarch64-none-linux-gnu/bin/../lib/gcc/aarch64-none-linux-gnu/13.3.1]
    arg [-L/home/torpi/arm-gnu-toolchain-13.3.rel1-x86_64-aarch64-none-linux-gnu/bin/../lib/gcc] ==> dir [/home/torpi/arm-gnu-toolchain-13.3.rel1-x86_64-aarch64-none-linux-gnu/bin/../lib/gcc]
    arg [-L/home/torpi/arm-gnu-toolchain-13.3.rel1-x86_64-aarch64-none-linux-gnu/bin/../lib/gcc/aarch64-none-linux-gnu/13.3.1/../../../../aarch64-none-linux-gnu/lib/../lib64] ==> dir [/home/torpi/arm-gnu-toolchain-13.3.rel1-x86_64-aarch64-none-linux-gnu/bin/../lib/gcc/aarch64-none-linux-gnu/13.3.1/../../../../aarch64-none-linux-gnu/lib/../lib64]
    arg [-L/home/torpi/arm-gnu-toolchain-13.3.rel1-x86_64-aarch64-none-linux-gnu/bin/../aarch64-none-linux-gnu/libc/lib/../lib64] ==> dir [/home/torpi/arm-gnu-toolchain-13.3.rel1-x86_64-aarch64-none-linux-gnu/bin/../aarch64-none-linux-gnu/libc/lib/../lib64]
    arg [-L/home/torpi/arm-gnu-toolchain-13.3.rel1-x86_64-aarch64-none-linux-gnu/bin/../aarch64-none-linux-gnu/libc/usr/lib/../lib64] ==> dir [/home/torpi/arm-gnu-toolchain-13.3.rel1-x86_64-aarch64-none-linux-gnu/bin/../aarch64-none-linux-gnu/libc/usr/lib/../lib64]
    arg [-L/home/torpi/arm-gnu-toolchain-13.3.rel1-x86_64-aarch64-none-linux-gnu/bin/../lib/gcc/aarch64-none-linux-gnu/13.3.1/../../../../aarch64-none-linux-gnu/lib] ==> dir [/home/torpi/arm-gnu-toolchain-13.3.rel1-x86_64-aarch64-none-linux-gnu/bin/../lib/gcc/aarch64-none-linux-gnu/13.3.1/../../../../aarch64-none-linux-gnu/lib]
    arg [-L/home/torpi/arm-gnu-toolchain-13.3.rel1-x86_64-aarch64-none-linux-gnu/bin/../aarch64-none-linux-gnu/libc/lib] ==> dir [/home/torpi/arm-gnu-toolchain-13.3.rel1-x86_64-aarch64-none-linux-gnu/bin/../aarch64-none-linux-gnu/libc/lib]
    arg [-L/home/torpi/arm-gnu-toolchain-13.3.rel1-x86_64-aarch64-none-linux-gnu/bin/../aarch64-none-linux-gnu/libc/usr/lib] ==> dir [/home/torpi/arm-gnu-toolchain-13.3.rel1-x86_64-aarch64-none-linux-gnu/bin/../aarch64-none-linux-gnu/libc/usr/lib]
    arg [CMakeFiles/cmTC_60d1b.dir/CMakeCCompilerABI.c.obj] ==> ignore
    arg [-lgcc] ==> lib [gcc]
    arg [--push-state] ==> ignore
    arg [--as-needed] ==> ignore
    arg [-lgcc_s] ==> lib [gcc_s]
    arg [--pop-state] ==> ignore
    arg [-lc] ==> lib [c]
    arg [-lgcc] ==> lib [gcc]
    arg [--push-state] ==> ignore
    arg [--as-needed] ==> ignore
    arg [-lgcc_s] ==> lib [gcc_s]
    arg [--pop-state] ==> ignore
    arg [/home/torpi/arm-gnu-toolchain-13.3.rel1-x86_64-aarch64-none-linux-gnu/bin/../lib/gcc/aarch64-none-linux-gnu/13.3.1/crtend.o] ==> obj [/home/torpi/arm-gnu-toolchain-13.3.rel1-x86_64-aarch64-none-linux-gnu/bin/../lib/gcc/aarch64-none-linux-gnu/13.3.1/crtend.o]
    arg [/home/torpi/arm-gnu-toolchain-13.3.rel1-x86_64-aarch64-none-linux-gnu/bin/../aarch64-none-linux-gnu/libc/usr/lib/../lib64/crtn.o] ==> obj [/home/torpi/arm-gnu-toolchain-13.3.rel1-x86_64-aarch64-none-linux-gnu/bin/../aarch64-none-linux-gnu/libc/usr/lib/../lib64/crtn.o]
  collapse obj [/home/torpi/arm-gnu-toolchain-13.3.rel1-x86_64-aarch64-none-linux-gnu/bin/../aarch64-none-linux-gnu/libc/usr/lib/../lib64/crt1.o] ==> [/home/torpi/arm-gnu-toolchain-13.3.rel1-x86_64-aarch64-none-linux-gnu/aarch64-none-linux-gnu/libc/usr/lib64/crt1.o]
  collapse obj [/home/torpi/arm-gnu-toolchain-13.3.rel1-x86_64-aarch64-none-linux-gnu/bin/../aarch64-none-linux-gnu/libc/usr/lib/../lib64/crti.o] ==> [/home/torpi/arm-gnu-toolchain-13.3.rel1-x86_64-aarch64-none-linux-gnu/aarch64-none-linux-gnu/libc/usr/lib64/crti.o]
  collapse obj [/home/torpi/arm-gnu-toolchain-13.3.rel1-x86_64-aarch64-none-linux-gnu/bin/../lib/gcc/aarch64-none-linux-gnu/13.3.1/crtbegin.o] ==> [/home/torpi/arm-gnu-toolchain-13.3.rel1-x86_64-aarch64-none-linux-gnu/lib/gcc/aarch64-none-linux-gnu/13.3.1/crtbegin.o]
  collapse obj [/home/torpi/arm-gnu-toolchain-13.3.rel1-x86_64-aarch64-none-linux-gnu/bin/../lib/gcc/aarch64-none-linux-gnu/13.3.1/crtend.o] ==> [/home/torpi/arm-gnu-toolchain-13.3.rel1-x86_64-aarch64-none-linux-gnu/lib/gcc/aarch64-none-linux-gnu/13.3.1/crtend.o]
  collapse obj [/home/torpi/arm-gnu-toolchain-13.3.rel1-x86_64-aarch64-none-linux-gnu/bin/../aarch64-none-linux-gnu/libc/usr/lib/../lib64/crtn.o] ==> [/home/torpi/arm-gnu-toolchain-13.3.rel1-x86_64-aarch64-none-linux-gnu/aarch64-none-linux-gnu/libc/usr/lib64/crtn.o]
  collapse library dir [/home/torpi/arm-gnu-toolchain-13.3.rel1-x86_64-aarch64-none-linux-gnu/bin/../lib/gcc/aarch64-none-linux-gnu/13.3.1] ==> [/home/torpi/arm-gnu-toolchain-13.3.rel1-x86_64-aarch64-none-linux-gnu/lib/gcc/aarch64-none-linux-gnu/13.3.1]
  collapse library dir [/home/torpi/arm-gnu-toolchain-13.3.rel1-x86_64-aarch64-none-linux-gnu/bin/../lib/gcc] ==> [/home/torpi/arm-gnu-toolchain-13.3.rel1-x86_64-aarch64-none-linux-gnu/lib/gcc]
  collapse library dir [/home/torpi/arm-gnu-toolchain-13.3.rel1-x86_64-aarch64-none-linux-gnu/bin/../lib/gcc/aarch64-none-linux-gnu/13.3.1/../../../../aarch64-none-linux-gnu/lib/../lib64] ==> [/home/torpi/arm-gnu-toolchain-13.3.rel1-x86_64-aarch64-none-linux-gnu/aarch64-none-linux-gnu/lib64]
  collapse library dir [/home/torpi/arm-gnu-toolchain-13.3.rel1-x86_64-aarch64-none-linux-gnu/bin/../aarch64-none-linux-gnu/libc/lib/../lib64] ==> [/home/torpi/arm-gnu-toolchain-13.3.rel1-x86_64-aarch64-none-linux-gnu/aarch64-none-linux-gnu/libc/lib64]
  collapse library dir [/home/torpi/arm-gnu-toolchain-13.3.rel1-x86_64-aarch64-none-linux-gnu/bin/../aarch64-none-linux-gnu/libc/usr/lib/../lib64] ==> [/home/torpi/arm-gnu-toolchain-13.3.rel1-x86_64-aarch64-none-linux-gnu/aarch64-none-linux-gnu/libc/usr/lib64]
  collapse library dir [/home/torpi/arm-gnu-toolchain-13.3.rel1-x86_64-aarch64-none-linux-gnu/bin/../lib/gcc/aarch64-none-linux-gnu/13.3.1/../../../../aarch64-none-linux-gnu/lib] ==> [/home/torpi/arm-gnu-toolchain-13.3.rel1-x86_64-aarch64-none-linux-gnu/aarch64-none-linux-gnu/lib]
  collapse library dir [/home/torpi/arm-gnu-toolchain-13.3.rel1-x86_64-aarch64-none-linux-gnu/bin/../aarch64-none-linux-gnu/libc/lib] ==> [/home/torpi/arm-gnu-toolchain-13.3.rel1-x86_64-aarch64-none-linux-gnu/aarch64-none-linux-gnu/libc/lib]
  collapse library dir [/home/torpi/arm-gnu-toolchain-13.3.rel1-x86_64-aarch64-none-linux-gnu/bin/../aarch64-none-linux-gnu/libc/usr/lib] ==> [/home/torpi/arm-gnu-toolchain-13.3.rel1-x86_64-aarch64-none-linux-gnu/aarch64-none-linux-gnu/libc/usr/lib]
  implicit libs: [gcc;gcc_s;c;gcc;gcc_s]
  implicit objs: [/home/torpi/arm-gnu-toolchain-13.3.rel1-x86_64-aarch64-none-linux-gnu/aarch64-none-linux-gnu/libc/usr/lib64/crt1.o;/home/torpi/arm-gnu-toolchain-13.3.rel1-x86_64-aarch64-none-linux-gnu/aarch64-none-linux-gnu/libc/usr/lib64/crti.o;/home/torpi/arm-gnu-toolchain-13.3.rel1-x86_64-aarch64-none-linux-gnu/lib/gcc/aarch64-none-linux-gnu/13.3.1/crtbegin.o;/home/torpi/arm-gnu-toolchain-13.3.rel1-x86_64-aarch64-none-linux-gnu/lib/gcc/aarch64-none-linux-gnu/13.3.1/crtend.o;/home/torpi/arm-gnu-toolchain-13.3.rel1-x86_64-aarch64-none-linux-gnu/aarch64-none-linux-gnu/libc/usr/lib64/crtn.o]
  implicit dirs: [/home/torpi/arm-gnu-toolchain-13.3.rel1-x86_64-aarch64-none-linux-gnu/lib/gcc/aarch64-none-linux-gnu/13.3.1;/home/torpi/arm-gnu-toolchain-13.3.rel1-x86_64-aarch64-none-linux-gnu/lib/gcc;/home/torpi/arm-gnu-toolchain-13.3.rel1-x86_64-aarch64-none-linux-gnu/aarch64-none-linux-gnu/lib64;/home/torpi/arm-gnu-toolchain-13.3.rel1-x86_64-aarch64-none-linux-gnu/aarch64-none-linux-gnu/libc/lib64;/home/torpi/arm-gnu-toolchain-13.3.rel1-x86_64-aarch64-none-linux-gnu/aarch64-none-linux-gnu/libc/usr/lib64;/home/torpi/arm-gnu-toolchain-13.3.rel1-x86_64-aarch64-none-linux-gnu/aarch64-none-linux-gnu/lib;/home/torpi/arm-gnu-toolchain-13.3.rel1-x86_64-aarch64-none-linux-gnu/aarch64-none-linux-gnu/libc/lib;/home/torpi/arm-gnu-toolchain-13.3.rel1-x86_64-aarch64-none-linux-gnu/aarch64-none-linux-gnu/libc/usr/lib]
  implicit fwks: []


